Arguments: 
  /usr/local/bin/node /usr/local/Cellar/yarn/1.22.17_2/libexec/bin/yarn.js add @openzeppelin

PATH: 
  /Users/marcosteixeira/.rvm/gems/ruby-3.0.0/bin:/Users/marcosteixeira/.rvm/gems/ruby-3.0.0@global/bin:/Users/marcosteixeira/.rvm/rubies/ruby-3.0.0/bin:/usr/local/bin:/usr/bin:/bin:/usr/sbin:/sbin:/Library/Apple/usr/bin:/Users/marcosteixeira/.rvm/bin

Yarn version: 
  1.22.17

Node version: 
  16.7.0

Platform: 
  darwin x64

Trace: 
  Error: https://registry.yarnpkg.com/@openzeppelin: Request "https://registry.yarnpkg.com/@openzeppelin" returned a 405
      at Request.params.callback [as _callback] (/usr/local/Cellar/yarn/1.22.17_2/libexec/lib/cli.js:67038:18)
      at Request.self.callback (/usr/local/Cellar/yarn/1.22.17_2/libexec/lib/cli.js:140883:22)
      at Request.emit (node:events:394:28)
      at Request.<anonymous> (/usr/local/Cellar/yarn/1.22.17_2/libexec/lib/cli.js:141855:10)
      at Request.emit (node:events:394:28)
      at IncomingMessage.<anonymous> (/usr/local/Cellar/yarn/1.22.17_2/libexec/lib/cli.js:141777:12)
      at Object.onceWrapper (node:events:513:28)
      at IncomingMessage.emit (node:events:406:35)
      at endReadableNT (node:internal/streams/readable:1348:12)
      at processTicksAndRejections (node:internal/process/task_queues:83:21)

npm manifest: 
  {
    "name": "minke-contracts",
    "version": "1.0.0",
    "main": "index.js",
    "license": "MIT"
  }

yarn manifest: 
  No manifest

Lockfile: 
  # THIS IS AN AUTOGENERATED FILE. DO NOT EDIT THIS FILE DIRECTLY.
  # yarn lockfile v1
